<?xml version="1.0" encoding="UTF-8"?>
<!-- Generated by org.testng.reporters.JUnitReportReporter -->
<testsuite hostname="IN-JG6ZZD3" failures="0" tests="1" name="frameworkTestNG.secondtestNG" time="0.013" errors="0" timestamp="2024-08-29T17:52:43 IST" skipped="0">
  <testcase classname="frameworkTestNG.secondtestNG" name="param" time="0.013"/>
  <system-out/>
</testsuite> <!-- frameworkTestNG.secondtestNG -->
