<?xml version="1.0" encoding="UTF-8"?>
<!-- Generated by org.testng.reporters.JUnitReportReporter -->
<testsuite hostname="IN-JG6ZZD3" failures="0" tests="3" name="frameworkTestNG.dataProviderAnnotation" time="0.008" errors="0" timestamp="2024-08-29T18:58:48 IST" skipped="0">
  <testcase classname="frameworkTestNG.dataProviderAnnotation" name="login" time="0.000"/>
  <system-out/>
  <testcase classname="frameworkTestNG.dataProviderAnnotation" name="login" time="0.007"/>
  <system-out/>
  <testcase classname="frameworkTestNG.dataProviderAnnotation" name="login" time="0.001"/>
  <system-out/>
</testsuite> <!-- frameworkTestNG.dataProviderAnnotation -->
