<?xml version="1.0" encoding="UTF-8"?>
<!-- Generated by org.testng.reporters.JUnitReportReporter -->
<testsuite hostname="IN-JG6ZZD3" failures="0" tests="2" name="frameworkTestNG.inherit1" time="0.009" errors="0" timestamp="2024-08-30T13:11:33 IST" skipped="0">
  <testcase classname="frameworkTestNG.inherit1" name="runTest" time="0.008"/>
  <system-out/>
  <testcase classname="frameworkTestNG.inherit1" name="action" time="0.001"/>
  <system-out/>
</testsuite> <!-- frameworkTestNG.inherit1 -->
