<?xml version="1.0" encoding="UTF-8"?>
<!-- Generated by org.testng.reporters.JUnitReportReporter -->
<testsuite hostname="IN-JG6ZZD3" failures="0" tests="1" name="frameworkTestNG.parametersTest" time="0.006" errors="0" timestamp="2024-08-29T18:10:32 IST" skipped="0">
  <testcase classname="frameworkTestNG.parametersTest" name="param" time="0.006"/>
  <system-out/>
</testsuite> <!-- frameworkTestNG.parametersTest -->
