<?xml version="1.0" encoding="UTF-8"?>
<!-- Generated by org.testng.reporters.JUnitReportReporter -->
<testsuite hostname="IN-JG6ZZD3" failures="0" tests="1" name="frameworkTestNG.PS1" time="0.007" errors="0" timestamp="2024-08-30T14:12:00 IST" skipped="0">
  <testcase classname="frameworkTestNG.PS1" name="math" time="0.007"/>
  <system-out/>
</testsuite> <!-- frameworkTestNG.PS1 -->
