<?xml version="1.0" encoding="UTF-8"?>
<!-- Generated by org.testng.reporters.JUnitReportReporter -->
<testsuite hostname="IN-JG6ZZD3" failures="0" tests="5" name="frameworkTestNG.firsttestNG" time="0.010" errors="0" timestamp="2024-08-29T17:33:08 IST" skipped="0">
  <testcase classname="frameworkTestNG.firsttestNG" name="prac1" time="0.001"/>
  <system-out/>
  <testcase classname="frameworkTestNG.firsttestNG" name="aatestlogin" time="0.001"/>
  <system-out/>
  <testcase classname="frameworkTestNG.firsttestNG" name="login" time="0.004"/>
  <system-out/>
  <testcase classname="frameworkTestNG.firsttestNG" name="prac3" time="0.002"/>
  <system-out/>
  <testcase classname="frameworkTestNG.firsttestNG" name="logout" time="0.002"/>
  <system-out/>
</testsuite> <!-- frameworkTestNG.firsttestNG -->
